2025-10-16 23:53:23,727 - __main__ - INFO - Initializing AlchemyBot
2025-10-16 23:55:52,772 - __main__ - INFO - Initializing AlchemyBot
2025-10-16 23:58:46,356 - __main__ - INFO - Initializing AlchemyBot
2025-10-17 00:00:33,989 - __main__ - INFO - Initializing AlchemyBot
2025-10-17 00:00:34,270 - __main__ - INFO - Starting bot polling
2025-10-17 00:00:34,271 - aiogram.dispatcher - INFO - Start polling
2025-10-17 00:00:34,344 - aiogram.dispatcher - INFO - Run polling for bot @nlp_alchemist_bot id=8142701752 - 'Нейроалхимик'
2025-10-17 00:00:34,433 - __main__ - INFO - Commands list requested by user 5163520397
2025-10-17 00:00:34,436 - __main__ - INFO - Help command from user 5163520397
2025-10-17 00:00:34,440 - __main__ - INFO - Start command from user 5163520397
2025-10-17 00:00:34,445 - aiogram.event - INFO - Update id=841777351 is not handled. Duration 0 ms by bot id=8142701752
2025-10-17 00:00:34,447 - __main__ - INFO - Commands list requested by user 5163520397
2025-10-17 00:00:34,451 - __main__ - INFO - Start command from user 5163520397
2025-10-17 00:00:34,457 - __main__ - INFO - Start command from user 5163520397
2025-10-17 00:00:34,461 - __main__ - INFO - Start command from user 5163520397
2025-10-17 00:00:34,465 - __main__ - INFO - Start command from user 5163520397
2025-10-17 00:00:34,468 - aiogram.event - INFO - Update id=841777358 is not handled. Duration 0 ms by bot id=8142701752
2025-10-17 00:00:34,470 - __main__ - INFO - Start command from user 5163520397
2025-10-17 00:00:34,473 - __main__ - INFO - Start command from user 5163520397
2025-10-17 00:00:34,474 - aiogram.event - INFO - Update id=841777361 is not handled. Duration 0 ms by bot id=8142701752
2025-10-17 00:00:34,475 - __main__ - INFO - Start command from user 5163520397
2025-10-17 00:00:34,477 - __main__ - INFO - Start command from user 5163520397
2025-10-17 00:00:34,479 - __main__ - INFO - Start command from user 5163520397
2025-10-17 00:00:34,481 - __main__ - INFO - Start command from user 5163520397
2025-10-17 00:00:34,483 - __main__ - INFO - Start command from user 5163520397
2025-10-17 00:00:34,626 - aiogram.event - INFO - Update id=841777347 is handled. Duration 194 ms by bot id=8142701752
2025-10-17 00:00:34,646 - aiogram.event - INFO - Update id=841777349 is handled. Duration 207 ms by bot id=8142701752
2025-10-17 00:00:34,667 - aiogram.event - INFO - Update id=841777354 is handled. Duration 213 ms by bot id=8142701752
2025-10-17 00:00:34,691 - aiogram.event - INFO - Update id=841777348 is handled. Duration 255 ms by bot id=8142701752
2025-10-17 00:00:34,701 - aiogram.event - INFO - Update id=841777350 is handled. Duration 258 ms by bot id=8142701752
2025-10-17 00:00:34,714 - aiogram.event - INFO - Update id=841777359 is handled. Duration 244 ms by bot id=8142701752
2025-10-17 00:00:34,732 - aiogram.event - INFO - Update id=841777357 is handled. Duration 267 ms by bot id=8142701752
2025-10-17 00:00:34,751 - aiogram.event - INFO - Update id=841777362 is handled. Duration 276 ms by bot id=8142701752
2025-10-17 00:00:34,770 - aiogram.event - INFO - Update id=841777353 is handled. Duration 319 ms by bot id=8142701752
2025-10-17 00:00:34,796 - aiogram.event - INFO - Update id=841777352 is handled. Duration 350 ms by bot id=8142701752
2025-10-17 00:00:34,815 - aiogram.event - INFO - Update id=841777364 is handled. Duration 336 ms by bot id=8142701752
2025-10-17 00:00:34,829 - aiogram.event - INFO - Update id=841777363 is handled. Duration 351 ms by bot id=8142701752
2025-10-17 00:00:34,853 - aiogram.event - INFO - Update id=841777365 is handled. Duration 372 ms by bot id=8142701752
2025-10-17 00:00:34,881 - aiogram.event - INFO - Update id=841777355 is handled. Duration 425 ms by bot id=8142701752
2025-10-17 00:00:34,883 - aiogram.event - INFO - Update id=841777356 is handled. Duration 422 ms by bot id=8142701752
2025-10-17 00:00:34,901 - aiogram.event - INFO - Update id=841777360 is handled. Duration 428 ms by bot id=8142701752
2025-10-17 00:00:34,925 - aiogram.event - INFO - Update id=841777366 is handled. Duration 443 ms by bot id=8142701752
2025-10-17 00:00:46,693 - __main__ - INFO - Start command from user 5163520397
2025-10-17 00:00:46,793 - aiogram.event - INFO - Update id=841777367 is handled. Duration 99 ms by bot id=8142701752
2025-10-17 00:00:52,514 - __main__ - INFO - Help command from user 5163520397
2025-10-17 00:00:52,614 - aiogram.event - INFO - Update id=841777368 is handled. Duration 100 ms by bot id=8142701752
